<?xml version="1.0" encoding="UTF-8"?>
<robot generator="Robot 6.1.1 (Python 3.12.0 on linux)" generated="20231114 10:35:10.395" rpa="false" schemaversion="4">
<suite id="s1" name="Register" source="/home/vaikive/palautusrepositorio/viikko3/web-login/src/tests/register.robot">
<kw name="Open And Configure Browser" library="resource" type="SETUP">
<kw name="Evaluate" library="BuiltIn">
<var>${options}</var>
<arg>sys.modules['selenium.webdriver'].ChromeOptions()</arg>
<arg>sys</arg>
<doc>Evaluates the given expression in Python and returns the result.</doc>
<msg timestamp="20231114 10:35:10.569" level="INFO">${options} = &lt;selenium.webdriver.chrome.options.Options object at 0x7fb8cc693a10&gt;</msg>
<status status="PASS" starttime="20231114 10:35:10.568" endtime="20231114 10:35:10.569"/>
</kw>
<kw name="Call Method" library="BuiltIn">
<arg>${options}</arg>
<arg>add_argument</arg>
<arg>--headless</arg>
<doc>Calls the named method of the given object with the provided arguments.</doc>
<status status="PASS" starttime="20231114 10:35:10.569" endtime="20231114 10:35:10.569"/>
</kw>
<kw name="Open Browser" library="SeleniumLibrary">
<arg>browser=chrome</arg>
<arg>options=${options}</arg>
<doc>Opens a new browser instance to the optional ``url``.</doc>
<msg timestamp="20231114 10:35:10.569" level="INFO">Opening browser 'chrome' to base url 'None'.</msg>
<status status="PASS" starttime="20231114 10:35:10.569" endtime="20231114 10:35:11.272"/>
</kw>
<kw name="Set Selenium Speed" library="SeleniumLibrary">
<arg>${DELAY}</arg>
<doc>Sets the delay that is waited after each Selenium command.</doc>
<status status="PASS" starttime="20231114 10:35:11.273" endtime="20231114 10:35:11.273"/>
</kw>
<status status="PASS" starttime="20231114 10:35:10.568" endtime="20231114 10:35:11.273"/>
</kw>
<test id="s1-t1" name="Register With Valid Username And Password" line="9">
<kw name="Go To Register Page" library="resource" type="SETUP">
<kw name="Go To" library="SeleniumLibrary">
<arg>${REGISTER_URL}</arg>
<doc>Navigates the current browser window to the provided ``url``.</doc>
<msg timestamp="20231114 10:35:11.274" level="INFO">Opening url 'http://localhost:5001/register'</msg>
<status status="PASS" starttime="20231114 10:35:11.274" endtime="20231114 10:35:11.307"/>
</kw>
<status status="PASS" starttime="20231114 10:35:11.274" endtime="20231114 10:35:11.307"/>
</kw>
<kw name="Set Username">
<arg>alice</arg>
<kw name="Input Text" library="SeleniumLibrary">
<arg>username</arg>
<arg>${username}</arg>
<doc>Types the given ``text`` into the text field identified by ``locator``.</doc>
<msg timestamp="20231114 10:35:11.308" level="INFO">Typing text 'alice' into text field 'username'.</msg>
<status status="PASS" starttime="20231114 10:35:11.307" endtime="20231114 10:35:11.386"/>
</kw>
<status status="PASS" starttime="20231114 10:35:11.307" endtime="20231114 10:35:11.387"/>
</kw>
<kw name="Set Password">
<arg>alice678</arg>
<kw name="Input Password" library="SeleniumLibrary">
<arg>password</arg>
<arg>${password}</arg>
<doc>Types the given password into the text field identified by ``locator``.</doc>
<msg timestamp="20231114 10:35:11.387" level="INFO">Typing password into text field 'password'.</msg>
<msg timestamp="20231114 10:35:11.415" level="INFO">Temporally setting log level to: NONE</msg>
<msg timestamp="20231114 10:35:11.448" level="INFO">Log level changed from NONE to INFO.</msg>
<status status="PASS" starttime="20231114 10:35:11.387" endtime="20231114 10:35:11.448"/>
</kw>
<status status="PASS" starttime="20231114 10:35:11.387" endtime="20231114 10:35:11.448"/>
</kw>
<kw name="Confrim Password">
<arg>alice678</arg>
<kw name="Input Password" library="SeleniumLibrary">
<arg>password_confirmation</arg>
<arg>${password_confirmation}</arg>
<doc>Types the given password into the text field identified by ``locator``.</doc>
<msg timestamp="20231114 10:35:11.449" level="INFO">Typing password into text field 'password_confirmation'.</msg>
<msg timestamp="20231114 10:35:11.476" level="INFO">Temporally setting log level to: NONE</msg>
<msg timestamp="20231114 10:35:11.506" level="INFO">Log level changed from NONE to INFO.</msg>
<status status="PASS" starttime="20231114 10:35:11.448" endtime="20231114 10:35:11.506"/>
</kw>
<status status="PASS" starttime="20231114 10:35:11.448" endtime="20231114 10:35:11.506"/>
</kw>
<kw name="Submit Register Credentials">
<kw name="Click Button" library="SeleniumLibrary">
<arg>Register</arg>
<doc>Clicks the button identified by ``locator``.</doc>
<msg timestamp="20231114 10:35:11.507" level="INFO">Clicking button 'Register'.</msg>
<status status="PASS" starttime="20231114 10:35:11.507" endtime="20231114 10:35:11.563"/>
</kw>
<status status="PASS" starttime="20231114 10:35:11.507" endtime="20231114 10:35:11.563"/>
</kw>
<kw name="Register Should Succeed">
<kw name="Welcome Page Should Be Open" library="resource">
<kw name="Title Should Be" library="SeleniumLibrary">
<arg>Welcome to Ohtu Application!</arg>
<doc>Verifies that the current page title equals ``title``.</doc>
<msg timestamp="20231114 10:35:11.567" level="INFO">Page title is 'Welcome to Ohtu Application!'.</msg>
<status status="PASS" starttime="20231114 10:35:11.564" endtime="20231114 10:35:11.567"/>
</kw>
<status status="PASS" starttime="20231114 10:35:11.563" endtime="20231114 10:35:11.567"/>
</kw>
<status status="PASS" starttime="20231114 10:35:11.563" endtime="20231114 10:35:11.567"/>
</kw>
<status status="PASS" starttime="20231114 10:35:11.273" endtime="20231114 10:35:11.568"/>
</test>
<test id="s1-t2" name="Register With Too Short Username And Valid Password" line="16">
<kw name="Go To Register Page" library="resource" type="SETUP">
<kw name="Go To" library="SeleniumLibrary">
<arg>${REGISTER_URL}</arg>
<doc>Navigates the current browser window to the provided ``url``.</doc>
<msg timestamp="20231114 10:35:11.569" level="INFO">Opening url 'http://localhost:5001/register'</msg>
<status status="PASS" starttime="20231114 10:35:11.568" endtime="20231114 10:35:11.577"/>
</kw>
<status status="PASS" starttime="20231114 10:35:11.568" endtime="20231114 10:35:11.577"/>
</kw>
<kw name="Set Username">
<arg>al</arg>
<kw name="Input Text" library="SeleniumLibrary">
<arg>username</arg>
<arg>${username}</arg>
<doc>Types the given ``text`` into the text field identified by ``locator``.</doc>
<msg timestamp="20231114 10:35:11.577" level="INFO">Typing text 'al' into text field 'username'.</msg>
<status status="PASS" starttime="20231114 10:35:11.577" endtime="20231114 10:35:11.629"/>
</kw>
<status status="PASS" starttime="20231114 10:35:11.577" endtime="20231114 10:35:11.629"/>
</kw>
<kw name="Set Password">
<arg>alice678</arg>
<kw name="Input Password" library="SeleniumLibrary">
<arg>password</arg>
<arg>${password}</arg>
<doc>Types the given password into the text field identified by ``locator``.</doc>
<msg timestamp="20231114 10:35:11.630" level="INFO">Typing password into text field 'password'.</msg>
<msg timestamp="20231114 10:35:11.651" level="INFO">Temporally setting log level to: NONE</msg>
<msg timestamp="20231114 10:35:11.678" level="INFO">Log level changed from NONE to INFO.</msg>
<status status="PASS" starttime="20231114 10:35:11.629" endtime="20231114 10:35:11.678"/>
</kw>
<status status="PASS" starttime="20231114 10:35:11.629" endtime="20231114 10:35:11.678"/>
</kw>
<kw name="Confrim Password">
<arg>alice678</arg>
<kw name="Input Password" library="SeleniumLibrary">
<arg>password_confirmation</arg>
<arg>${password_confirmation}</arg>
<doc>Types the given password into the text field identified by ``locator``.</doc>
<msg timestamp="20231114 10:35:11.679" level="INFO">Typing password into text field 'password_confirmation'.</msg>
<msg timestamp="20231114 10:35:11.702" level="INFO">Temporally setting log level to: NONE</msg>
<msg timestamp="20231114 10:35:11.733" level="INFO">Log level changed from NONE to INFO.</msg>
<status status="PASS" starttime="20231114 10:35:11.678" endtime="20231114 10:35:11.733"/>
</kw>
<status status="PASS" starttime="20231114 10:35:11.678" endtime="20231114 10:35:11.733"/>
</kw>
<kw name="Submit Register Credentials">
<kw name="Click Button" library="SeleniumLibrary">
<arg>Register</arg>
<doc>Clicks the button identified by ``locator``.</doc>
<msg timestamp="20231114 10:35:11.734" level="INFO">Clicking button 'Register'.</msg>
<status status="PASS" starttime="20231114 10:35:11.733" endtime="20231114 10:35:11.773"/>
</kw>
<status status="PASS" starttime="20231114 10:35:11.733" endtime="20231114 10:35:11.773"/>
</kw>
<kw name="Register Should Fail With Message">
<arg>Username is too short</arg>
<kw name="Register Page Should Be Open" library="resource">
<kw name="Title Should Be" library="SeleniumLibrary">
<arg>Register</arg>
<doc>Verifies that the current page title equals ``title``.</doc>
<msg timestamp="20231114 10:35:11.776" level="INFO">Page title is 'Register'.</msg>
<status status="PASS" starttime="20231114 10:35:11.773" endtime="20231114 10:35:11.776"/>
</kw>
<status status="PASS" starttime="20231114 10:35:11.773" endtime="20231114 10:35:11.776"/>
</kw>
<kw name="Page Should Contain" library="SeleniumLibrary">
<arg>${message}</arg>
<doc>Verifies that current page contains ``text``.</doc>
<msg timestamp="20231114 10:35:11.787" level="INFO">Current page contains text 'Username is too short'.</msg>
<status status="PASS" starttime="20231114 10:35:11.776" endtime="20231114 10:35:11.787"/>
</kw>
<status status="PASS" starttime="20231114 10:35:11.773" endtime="20231114 10:35:11.787"/>
</kw>
<status status="PASS" starttime="20231114 10:35:11.568" endtime="20231114 10:35:11.787"/>
</test>
<test id="s1-t3" name="Register With Valid Username And Invalid Password" line="23">
<kw name="Go To Register Page" library="resource" type="SETUP">
<kw name="Go To" library="SeleniumLibrary">
<arg>${REGISTER_URL}</arg>
<doc>Navigates the current browser window to the provided ``url``.</doc>
<msg timestamp="20231114 10:35:11.788" level="INFO">Opening url 'http://localhost:5001/register'</msg>
<status status="PASS" starttime="20231114 10:35:11.788" endtime="20231114 10:35:11.797"/>
</kw>
<status status="PASS" starttime="20231114 10:35:11.788" endtime="20231114 10:35:11.797"/>
</kw>
<kw name="Set Username">
<arg>alice</arg>
<kw name="Input Text" library="SeleniumLibrary">
<arg>username</arg>
<arg>${username}</arg>
<doc>Types the given ``text`` into the text field identified by ``locator``.</doc>
<msg timestamp="20231114 10:35:11.798" level="INFO">Typing text 'alice' into text field 'username'.</msg>
<status status="PASS" starttime="20231114 10:35:11.797" endtime="20231114 10:35:11.852"/>
</kw>
<status status="PASS" starttime="20231114 10:35:11.797" endtime="20231114 10:35:11.852"/>
</kw>
<kw name="Set Password">
<arg>pelkkäätekstiä</arg>
<kw name="Input Password" library="SeleniumLibrary">
<arg>password</arg>
<arg>${password}</arg>
<doc>Types the given password into the text field identified by ``locator``.</doc>
<msg timestamp="20231114 10:35:11.853" level="INFO">Typing password into text field 'password'.</msg>
<msg timestamp="20231114 10:35:11.879" level="INFO">Temporally setting log level to: NONE</msg>
<msg timestamp="20231114 10:35:11.911" level="INFO">Log level changed from NONE to INFO.</msg>
<status status="PASS" starttime="20231114 10:35:11.852" endtime="20231114 10:35:11.911"/>
</kw>
<status status="PASS" starttime="20231114 10:35:11.852" endtime="20231114 10:35:11.911"/>
</kw>
<kw name="Confrim Password">
<arg>pelkkäätekstiä</arg>
<kw name="Input Password" library="SeleniumLibrary">
<arg>password_confirmation</arg>
<arg>${password_confirmation}</arg>
<doc>Types the given password into the text field identified by ``locator``.</doc>
<msg timestamp="20231114 10:35:11.912" level="INFO">Typing password into text field 'password_confirmation'.</msg>
<msg timestamp="20231114 10:35:11.937" level="INFO">Temporally setting log level to: NONE</msg>
<msg timestamp="20231114 10:35:11.972" level="INFO">Log level changed from NONE to INFO.</msg>
<status status="PASS" starttime="20231114 10:35:11.911" endtime="20231114 10:35:11.972"/>
</kw>
<status status="PASS" starttime="20231114 10:35:11.911" endtime="20231114 10:35:11.972"/>
</kw>
<kw name="Submit Register Credentials">
<kw name="Click Button" library="SeleniumLibrary">
<arg>Register</arg>
<doc>Clicks the button identified by ``locator``.</doc>
<msg timestamp="20231114 10:35:11.973" level="INFO">Clicking button 'Register'.</msg>
<status status="PASS" starttime="20231114 10:35:11.972" endtime="20231114 10:35:12.015"/>
</kw>
<status status="PASS" starttime="20231114 10:35:11.972" endtime="20231114 10:35:12.015"/>
</kw>
<kw name="Register Should Fail With Message">
<arg>Password is not valid</arg>
<kw name="Register Page Should Be Open" library="resource">
<kw name="Title Should Be" library="SeleniumLibrary">
<arg>Register</arg>
<doc>Verifies that the current page title equals ``title``.</doc>
<msg timestamp="20231114 10:35:12.019" level="INFO">Page title is 'Register'.</msg>
<status status="PASS" starttime="20231114 10:35:12.016" endtime="20231114 10:35:12.019"/>
</kw>
<status status="PASS" starttime="20231114 10:35:12.016" endtime="20231114 10:35:12.019"/>
</kw>
<kw name="Page Should Contain" library="SeleniumLibrary">
<arg>${message}</arg>
<doc>Verifies that current page contains ``text``.</doc>
<msg timestamp="20231114 10:35:12.030" level="INFO">Current page contains text 'Password is not valid'.</msg>
<status status="PASS" starttime="20231114 10:35:12.019" endtime="20231114 10:35:12.030"/>
</kw>
<status status="PASS" starttime="20231114 10:35:12.015" endtime="20231114 10:35:12.030"/>
</kw>
<status status="PASS" starttime="20231114 10:35:11.787" endtime="20231114 10:35:12.031"/>
</test>
<test id="s1-t4" name="Register With Nonmatching Password And Password Confirmation" line="30">
<kw name="Go To Register Page" library="resource" type="SETUP">
<kw name="Go To" library="SeleniumLibrary">
<arg>${REGISTER_URL}</arg>
<doc>Navigates the current browser window to the provided ``url``.</doc>
<msg timestamp="20231114 10:35:12.032" level="INFO">Opening url 'http://localhost:5001/register'</msg>
<status status="PASS" starttime="20231114 10:35:12.032" endtime="20231114 10:35:12.041"/>
</kw>
<status status="PASS" starttime="20231114 10:35:12.031" endtime="20231114 10:35:12.041"/>
</kw>
<kw name="Set Username">
<arg>alice</arg>
<kw name="Input Text" library="SeleniumLibrary">
<arg>username</arg>
<arg>${username}</arg>
<doc>Types the given ``text`` into the text field identified by ``locator``.</doc>
<msg timestamp="20231114 10:35:12.042" level="INFO">Typing text 'alice' into text field 'username'.</msg>
<status status="PASS" starttime="20231114 10:35:12.041" endtime="20231114 10:35:12.095"/>
</kw>
<status status="PASS" starttime="20231114 10:35:12.041" endtime="20231114 10:35:12.095"/>
</kw>
<kw name="Set Password">
<arg>balice678</arg>
<kw name="Input Password" library="SeleniumLibrary">
<arg>password</arg>
<arg>${password}</arg>
<doc>Types the given password into the text field identified by ``locator``.</doc>
<msg timestamp="20231114 10:35:12.096" level="INFO">Typing password into text field 'password'.</msg>
<msg timestamp="20231114 10:35:12.119" level="INFO">Temporally setting log level to: NONE</msg>
<msg timestamp="20231114 10:35:12.152" level="INFO">Log level changed from NONE to INFO.</msg>
<status status="PASS" starttime="20231114 10:35:12.095" endtime="20231114 10:35:12.152"/>
</kw>
<status status="PASS" starttime="20231114 10:35:12.095" endtime="20231114 10:35:12.152"/>
</kw>
<kw name="Confrim Password">
<arg>alice678</arg>
<kw name="Input Password" library="SeleniumLibrary">
<arg>password_confirmation</arg>
<arg>${password_confirmation}</arg>
<doc>Types the given password into the text field identified by ``locator``.</doc>
<msg timestamp="20231114 10:35:12.153" level="INFO">Typing password into text field 'password_confirmation'.</msg>
<msg timestamp="20231114 10:35:12.178" level="INFO">Temporally setting log level to: NONE</msg>
<msg timestamp="20231114 10:35:12.211" level="INFO">Log level changed from NONE to INFO.</msg>
<status status="PASS" starttime="20231114 10:35:12.152" endtime="20231114 10:35:12.211"/>
</kw>
<status status="PASS" starttime="20231114 10:35:12.152" endtime="20231114 10:35:12.211"/>
</kw>
<kw name="Submit Register Credentials">
<kw name="Click Button" library="SeleniumLibrary">
<arg>Register</arg>
<doc>Clicks the button identified by ``locator``.</doc>
<msg timestamp="20231114 10:35:12.212" level="INFO">Clicking button 'Register'.</msg>
<status status="PASS" starttime="20231114 10:35:12.211" endtime="20231114 10:35:12.254"/>
</kw>
<status status="PASS" starttime="20231114 10:35:12.211" endtime="20231114 10:35:12.254"/>
</kw>
<kw name="Register Should Fail With Message">
<arg>Passwords do not match</arg>
<kw name="Register Page Should Be Open" library="resource">
<kw name="Title Should Be" library="SeleniumLibrary">
<arg>Register</arg>
<doc>Verifies that the current page title equals ``title``.</doc>
<msg timestamp="20231114 10:35:12.257" level="INFO">Page title is 'Register'.</msg>
<status status="PASS" starttime="20231114 10:35:12.254" endtime="20231114 10:35:12.258"/>
</kw>
<status status="PASS" starttime="20231114 10:35:12.254" endtime="20231114 10:35:12.258"/>
</kw>
<kw name="Page Should Contain" library="SeleniumLibrary">
<arg>${message}</arg>
<doc>Verifies that current page contains ``text``.</doc>
<msg timestamp="20231114 10:35:12.268" level="INFO">Current page contains text 'Passwords do not match'.</msg>
<status status="PASS" starttime="20231114 10:35:12.258" endtime="20231114 10:35:12.268"/>
</kw>
<status status="PASS" starttime="20231114 10:35:12.254" endtime="20231114 10:35:12.268"/>
</kw>
<status status="PASS" starttime="20231114 10:35:12.031" endtime="20231114 10:35:12.268"/>
</test>
<test id="s1-t5" name="Login After Successful Registration" line="37">
<kw name="Go To Register Page" library="resource" type="SETUP">
<kw name="Go To" library="SeleniumLibrary">
<arg>${REGISTER_URL}</arg>
<doc>Navigates the current browser window to the provided ``url``.</doc>
<msg timestamp="20231114 10:35:12.269" level="INFO">Opening url 'http://localhost:5001/register'</msg>
<status status="PASS" starttime="20231114 10:35:12.269" endtime="20231114 10:35:12.278"/>
</kw>
<status status="PASS" starttime="20231114 10:35:12.269" endtime="20231114 10:35:12.278"/>
</kw>
<kw name="Set Username">
<arg>bob</arg>
<kw name="Input Text" library="SeleniumLibrary">
<arg>username</arg>
<arg>${username}</arg>
<doc>Types the given ``text`` into the text field identified by ``locator``.</doc>
<msg timestamp="20231114 10:35:12.279" level="INFO">Typing text 'bob' into text field 'username'.</msg>
<status status="PASS" starttime="20231114 10:35:12.279" endtime="20231114 10:35:12.333"/>
</kw>
<status status="PASS" starttime="20231114 10:35:12.278" endtime="20231114 10:35:12.333"/>
</kw>
<kw name="Set Password">
<arg>bob123678</arg>
<kw name="Input Password" library="SeleniumLibrary">
<arg>password</arg>
<arg>${password}</arg>
<doc>Types the given password into the text field identified by ``locator``.</doc>
<msg timestamp="20231114 10:35:12.334" level="INFO">Typing password into text field 'password'.</msg>
<msg timestamp="20231114 10:35:12.358" level="INFO">Temporally setting log level to: NONE</msg>
<msg timestamp="20231114 10:35:12.388" level="INFO">Log level changed from NONE to INFO.</msg>
<status status="PASS" starttime="20231114 10:35:12.334" endtime="20231114 10:35:12.388"/>
</kw>
<status status="PASS" starttime="20231114 10:35:12.334" endtime="20231114 10:35:12.388"/>
</kw>
<kw name="Confrim Password">
<arg>bob123678</arg>
<kw name="Input Password" library="SeleniumLibrary">
<arg>password_confirmation</arg>
<arg>${password_confirmation}</arg>
<doc>Types the given password into the text field identified by ``locator``.</doc>
<msg timestamp="20231114 10:35:12.389" level="INFO">Typing password into text field 'password_confirmation'.</msg>
<msg timestamp="20231114 10:35:12.412" level="INFO">Temporally setting log level to: NONE</msg>
<msg timestamp="20231114 10:35:12.441" level="INFO">Log level changed from NONE to INFO.</msg>
<status status="PASS" starttime="20231114 10:35:12.389" endtime="20231114 10:35:12.441"/>
</kw>
<status status="PASS" starttime="20231114 10:35:12.389" endtime="20231114 10:35:12.441"/>
</kw>
<kw name="Submit Register Credentials">
<kw name="Click Button" library="SeleniumLibrary">
<arg>Register</arg>
<doc>Clicks the button identified by ``locator``.</doc>
<msg timestamp="20231114 10:35:12.442" level="INFO">Clicking button 'Register'.</msg>
<status status="PASS" starttime="20231114 10:35:12.441" endtime="20231114 10:35:12.485"/>
</kw>
<status status="PASS" starttime="20231114 10:35:12.441" endtime="20231114 10:35:12.485"/>
</kw>
<kw name="Register Should Succeed">
<kw name="Welcome Page Should Be Open" library="resource">
<kw name="Title Should Be" library="SeleniumLibrary">
<arg>Welcome to Ohtu Application!</arg>
<doc>Verifies that the current page title equals ``title``.</doc>
<msg timestamp="20231114 10:35:12.489" level="INFO">Page title is 'Welcome to Ohtu Application!'.</msg>
<status status="PASS" starttime="20231114 10:35:12.486" endtime="20231114 10:35:12.489"/>
</kw>
<status status="PASS" starttime="20231114 10:35:12.486" endtime="20231114 10:35:12.489"/>
</kw>
<status status="PASS" starttime="20231114 10:35:12.486" endtime="20231114 10:35:12.489"/>
</kw>
<kw name="Go To Login Page" library="resource">
<kw name="Go To" library="SeleniumLibrary">
<arg>${LOGIN_URL}</arg>
<doc>Navigates the current browser window to the provided ``url``.</doc>
<msg timestamp="20231114 10:35:12.489" level="INFO">Opening url 'http://localhost:5001/login'</msg>
<status status="PASS" starttime="20231114 10:35:12.489" endtime="20231114 10:35:12.497"/>
</kw>
<status status="PASS" starttime="20231114 10:35:12.489" endtime="20231114 10:35:12.497"/>
</kw>
<kw name="Set Username">
<arg>bob</arg>
<kw name="Input Text" library="SeleniumLibrary">
<arg>username</arg>
<arg>${username}</arg>
<doc>Types the given ``text`` into the text field identified by ``locator``.</doc>
<msg timestamp="20231114 10:35:12.498" level="INFO">Typing text 'bob' into text field 'username'.</msg>
<status status="PASS" starttime="20231114 10:35:12.497" endtime="20231114 10:35:12.550"/>
</kw>
<status status="PASS" starttime="20231114 10:35:12.497" endtime="20231114 10:35:12.550"/>
</kw>
<kw name="Set Password">
<arg>bob123678</arg>
<kw name="Input Password" library="SeleniumLibrary">
<arg>password</arg>
<arg>${password}</arg>
<doc>Types the given password into the text field identified by ``locator``.</doc>
<msg timestamp="20231114 10:35:12.551" level="INFO">Typing password into text field 'password'.</msg>
<msg timestamp="20231114 10:35:12.575" level="INFO">Temporally setting log level to: NONE</msg>
<msg timestamp="20231114 10:35:12.605" level="INFO">Log level changed from NONE to INFO.</msg>
<status status="PASS" starttime="20231114 10:35:12.551" endtime="20231114 10:35:12.605"/>
</kw>
<status status="PASS" starttime="20231114 10:35:12.550" endtime="20231114 10:35:12.605"/>
</kw>
<kw name="Submit Login Credentials" library="login_resource">
<kw name="Click Button" library="SeleniumLibrary">
<arg>Login</arg>
<doc>Clicks the button identified by ``locator``.</doc>
<msg timestamp="20231114 10:35:12.605" level="INFO">Clicking button 'Login'.</msg>
<status status="PASS" starttime="20231114 10:35:12.605" endtime="20231114 10:35:12.654"/>
</kw>
<status status="PASS" starttime="20231114 10:35:12.605" endtime="20231114 10:35:12.654"/>
</kw>
<kw name="Login Should Succeed" library="login_resource">
<kw name="Main Page Should Be Open" library="resource">
<kw name="Title Should Be" library="SeleniumLibrary">
<arg>Ohtu Application main page</arg>
<doc>Verifies that the current page title equals ``title``.</doc>
<msg timestamp="20231114 10:35:12.658" level="INFO">Page title is 'Ohtu Application main page'.</msg>
<status status="PASS" starttime="20231114 10:35:12.655" endtime="20231114 10:35:12.658"/>
</kw>
<status status="PASS" starttime="20231114 10:35:12.655" endtime="20231114 10:35:12.658"/>
</kw>
<status status="PASS" starttime="20231114 10:35:12.655" endtime="20231114 10:35:12.658"/>
</kw>
<status status="PASS" starttime="20231114 10:35:12.269" endtime="20231114 10:35:12.659"/>
</test>
<test id="s1-t6" name="Login After Failed Registration" line="49">
<kw name="Go To Register Page" library="resource" type="SETUP">
<kw name="Go To" library="SeleniumLibrary">
<arg>${REGISTER_URL}</arg>
<doc>Navigates the current browser window to the provided ``url``.</doc>
<msg timestamp="20231114 10:35:12.660" level="INFO">Opening url 'http://localhost:5001/register'</msg>
<status status="PASS" starttime="20231114 10:35:12.659" endtime="20231114 10:35:12.668"/>
</kw>
<status status="PASS" starttime="20231114 10:35:12.659" endtime="20231114 10:35:12.668"/>
</kw>
<kw name="Set Username">
<arg>al</arg>
<kw name="Input Text" library="SeleniumLibrary">
<arg>username</arg>
<arg>${username}</arg>
<doc>Types the given ``text`` into the text field identified by ``locator``.</doc>
<msg timestamp="20231114 10:35:12.669" level="INFO">Typing text 'al' into text field 'username'.</msg>
<status status="PASS" starttime="20231114 10:35:12.668" endtime="20231114 10:35:12.722"/>
</kw>
<status status="PASS" starttime="20231114 10:35:12.668" endtime="20231114 10:35:12.722"/>
</kw>
<kw name="Set Password">
<arg>alice678</arg>
<kw name="Input Password" library="SeleniumLibrary">
<arg>password</arg>
<arg>${password}</arg>
<doc>Types the given password into the text field identified by ``locator``.</doc>
<msg timestamp="20231114 10:35:12.722" level="INFO">Typing password into text field 'password'.</msg>
<msg timestamp="20231114 10:35:12.747" level="INFO">Temporally setting log level to: NONE</msg>
<msg timestamp="20231114 10:35:12.777" level="INFO">Log level changed from NONE to INFO.</msg>
<status status="PASS" starttime="20231114 10:35:12.722" endtime="20231114 10:35:12.777"/>
</kw>
<status status="PASS" starttime="20231114 10:35:12.722" endtime="20231114 10:35:12.777"/>
</kw>
<kw name="Confrim Password">
<arg>alice678</arg>
<kw name="Input Password" library="SeleniumLibrary">
<arg>password_confirmation</arg>
<arg>${password_confirmation}</arg>
<doc>Types the given password into the text field identified by ``locator``.</doc>
<msg timestamp="20231114 10:35:12.778" level="INFO">Typing password into text field 'password_confirmation'.</msg>
<msg timestamp="20231114 10:35:12.802" level="INFO">Temporally setting log level to: NONE</msg>
<msg timestamp="20231114 10:35:12.832" level="INFO">Log level changed from NONE to INFO.</msg>
<status status="PASS" starttime="20231114 10:35:12.778" endtime="20231114 10:35:12.832"/>
</kw>
<status status="PASS" starttime="20231114 10:35:12.777" endtime="20231114 10:35:12.832"/>
</kw>
<kw name="Submit Register Credentials">
<kw name="Click Button" library="SeleniumLibrary">
<arg>Register</arg>
<doc>Clicks the button identified by ``locator``.</doc>
<msg timestamp="20231114 10:35:12.833" level="INFO">Clicking button 'Register'.</msg>
<status status="PASS" starttime="20231114 10:35:12.832" endtime="20231114 10:35:12.877"/>
</kw>
<status status="PASS" starttime="20231114 10:35:12.832" endtime="20231114 10:35:12.878"/>
</kw>
<kw name="Register Should Fail With Message">
<arg>Username is too short</arg>
<kw name="Register Page Should Be Open" library="resource">
<kw name="Title Should Be" library="SeleniumLibrary">
<arg>Register</arg>
<doc>Verifies that the current page title equals ``title``.</doc>
<msg timestamp="20231114 10:35:12.881" level="INFO">Page title is 'Register'.</msg>
<status status="PASS" starttime="20231114 10:35:12.878" endtime="20231114 10:35:12.881"/>
</kw>
<status status="PASS" starttime="20231114 10:35:12.878" endtime="20231114 10:35:12.881"/>
</kw>
<kw name="Page Should Contain" library="SeleniumLibrary">
<arg>${message}</arg>
<doc>Verifies that current page contains ``text``.</doc>
<msg timestamp="20231114 10:35:12.889" level="INFO">Current page contains text 'Username is too short'.</msg>
<status status="PASS" starttime="20231114 10:35:12.882" endtime="20231114 10:35:12.889"/>
</kw>
<status status="PASS" starttime="20231114 10:35:12.878" endtime="20231114 10:35:12.889"/>
</kw>
<kw name="Go To Login Page" library="resource">
<kw name="Go To" library="SeleniumLibrary">
<arg>${LOGIN_URL}</arg>
<doc>Navigates the current browser window to the provided ``url``.</doc>
<msg timestamp="20231114 10:35:12.890" level="INFO">Opening url 'http://localhost:5001/login'</msg>
<status status="PASS" starttime="20231114 10:35:12.890" endtime="20231114 10:35:12.898"/>
</kw>
<status status="PASS" starttime="20231114 10:35:12.890" endtime="20231114 10:35:12.899"/>
</kw>
<kw name="Set Username">
<arg>al</arg>
<kw name="Input Text" library="SeleniumLibrary">
<arg>username</arg>
<arg>${username}</arg>
<doc>Types the given ``text`` into the text field identified by ``locator``.</doc>
<msg timestamp="20231114 10:35:12.899" level="INFO">Typing text 'al' into text field 'username'.</msg>
<status status="PASS" starttime="20231114 10:35:12.899" endtime="20231114 10:35:12.952"/>
</kw>
<status status="PASS" starttime="20231114 10:35:12.899" endtime="20231114 10:35:12.952"/>
</kw>
<kw name="Set Password">
<arg>alice678</arg>
<kw name="Input Password" library="SeleniumLibrary">
<arg>password</arg>
<arg>${password}</arg>
<doc>Types the given password into the text field identified by ``locator``.</doc>
<msg timestamp="20231114 10:35:12.953" level="INFO">Typing password into text field 'password'.</msg>
<msg timestamp="20231114 10:35:12.977" level="INFO">Temporally setting log level to: NONE</msg>
<msg timestamp="20231114 10:35:13.007" level="INFO">Log level changed from NONE to INFO.</msg>
<status status="PASS" starttime="20231114 10:35:12.952" endtime="20231114 10:35:13.007"/>
</kw>
<status status="PASS" starttime="20231114 10:35:12.952" endtime="20231114 10:35:13.007"/>
</kw>
<kw name="Submit Login Credentials" library="login_resource">
<kw name="Click Button" library="SeleniumLibrary">
<arg>Login</arg>
<doc>Clicks the button identified by ``locator``.</doc>
<msg timestamp="20231114 10:35:13.008" level="INFO">Clicking button 'Login'.</msg>
<status status="PASS" starttime="20231114 10:35:13.008" endtime="20231114 10:35:13.050"/>
</kw>
<status status="PASS" starttime="20231114 10:35:13.007" endtime="20231114 10:35:13.050"/>
</kw>
<kw name="Login Should Fail With Message" library="login_resource">
<arg>Invalid username or password</arg>
<kw name="Login Page Should Be Open" library="resource">
<kw name="Title Should Be" library="SeleniumLibrary">
<arg>Login</arg>
<doc>Verifies that the current page title equals ``title``.</doc>
<msg timestamp="20231114 10:35:13.053" level="INFO">Page title is 'Login'.</msg>
<status status="PASS" starttime="20231114 10:35:13.050" endtime="20231114 10:35:13.053"/>
</kw>
<status status="PASS" starttime="20231114 10:35:13.050" endtime="20231114 10:35:13.053"/>
</kw>
<kw name="Page Should Contain" library="SeleniumLibrary">
<arg>${message}</arg>
<doc>Verifies that current page contains ``text``.</doc>
<msg timestamp="20231114 10:35:13.063" level="INFO">Current page contains text 'Invalid username or password'.</msg>
<status status="PASS" starttime="20231114 10:35:13.053" endtime="20231114 10:35:13.063"/>
</kw>
<status status="PASS" starttime="20231114 10:35:13.050" endtime="20231114 10:35:13.063"/>
</kw>
<status status="PASS" starttime="20231114 10:35:12.659" endtime="20231114 10:35:13.063"/>
</test>
<kw name="Close Browser" library="SeleniumLibrary" type="TEARDOWN">
<doc>Closes the current browser.</doc>
<status status="PASS" starttime="20231114 10:35:13.064" endtime="20231114 10:35:13.127"/>
</kw>
<status status="PASS" starttime="20231114 10:35:10.396" endtime="20231114 10:35:13.127"/>
</suite>
<statistics>
<total>
<stat pass="6" fail="0" skip="0">All Tests</stat>
</total>
<tag>
</tag>
<suite>
<stat pass="6" fail="0" skip="0" id="s1" name="Register">Register</stat>
</suite>
</statistics>
<errors>
</errors>
</robot>
